[2023-07-06 14:36:28] local.ERROR: Vite manifest not found at: E:\IT TELKOM\Semester 6\Pemrograman Framework\Praktikum8\prak8\public\build/manifest.json {"view":{"view":"E:\\IT TELKOM\\Semester 6\\Pemrograman Framework\\Praktikum8\\prak8\\resources\\views\\layouts\\app.blade.php","data":{"errors":"<pre class=sf-dump id=sf-dump-832424426 data-indent-pad=\"  \"><span class=sf-dump-note>Illuminate\\Support\\ViewErrorBag</span> {<a class=sf-dump-ref>#288</a><samp data-depth=1 class=sf-dump-expanded>
  #<span class=sf-dump-protected title=\"Protected property\">bags</span>: []
</samp>}
</pre><script>Sfdump(\"sf-dump-832424426\", {\"maxDepth\":3,\"maxStringLength\":160})</script>
"}},"exception":"[object] (Spatie\\LaravelIgnition\\Exceptions\\ViewException(code: 0): Vite manifest not found at: E:\\IT TELKOM\\Semester 6\\Pemrograman Framework\\Praktikum8\\prak8\\public\\build/manifest.json at E:\\IT TELKOM\\Semester 6\\Pemrograman Framework\\Praktikum8\\prak8\\vendor\\laravel\\framework\\src\\Illuminate\\Foundation\\Vite.php:684)
[stacktrace]
#0 E:\\IT TELKOM\\Semester 6\\Pemrograman Framework\\Praktikum8\\prak8\\vendor\\laravel\\framework\\src\\Illuminate\\Foundation\\Vite.php(273): Illuminate\\Foundation\\Vite->manifest('build')
#1 E:\\IT TELKOM\\Semester 6\\Pemrograman Framework\\Praktikum8\\prak8\\resources\\views\\layouts\\app.blade.php(17): Illuminate\\Foundation\\Vite->__invoke(Object(Illuminate\\Support\\Collection))
#2 E:\\IT TELKOM\\Semester 6\\Pemrograman Framework\\Praktikum8\\prak8\\vendor\\laravel\\framework\\src\\Illuminate\\Filesystem\\Filesystem.php(109): require('E:\\\\IT TELKOM\\\\Se...')
#3 E:\\IT TELKOM\\Semester 6\\Pemrograman Framework\\Praktikum8\\prak8\\vendor\\laravel\\framework\\src\\Illuminate\\Filesystem\\Filesystem.php(110): Illuminate\\Filesystem\\Filesystem::Illuminate\\Filesystem\\{closure}()
#4 E:\\IT TELKOM\\Semester 6\\Pemrograman Framework\\Praktikum8\\prak8\\vendor\\laravel\\framework\\src\\Illuminate\\View\\Engines\\PhpEngine.php(58): Illuminate\\Filesystem\\Filesystem->getRequire('E:\\\\IT TELKOM\\\\Se...', Array)
#5 E:\\IT TELKOM\\Semester 6\\Pemrograman Framework\\Praktikum8\\prak8\\vendor\\laravel\\framework\\src\\Illuminate\\View\\Engines\\CompilerEngine.php(70): Illuminate\\View\\Engines\\PhpEngine->evaluatePath('E:\\\\IT TELKOM\\\\Se...', Array)
#6 E:\\IT TELKOM\\Semester 6\\Pemrograman Framework\\Praktikum8\\prak8\\vendor\\laravel\\framework\\src\\Illuminate\\View\\View.php(195): Illuminate\\View\\Engines\\CompilerEngine->get('E:\\\\IT TELKOM\\\\Se...', Array)
#7 E:\\IT TELKOM\\Semester 6\\Pemrograman Framework\\Praktikum8\\prak8\\vendor\\laravel\\framework\\src\\Illuminate\\View\\View.php(178): Illuminate\\View\\View->getContents()
#8 E:\\IT TELKOM\\Semester 6\\Pemrograman Framework\\Praktikum8\\prak8\\vendor\\laravel\\framework\\src\\Illuminate\\View\\View.php(147): Illuminate\\View\\View->renderContents()
#9 E:\\IT TELKOM\\Semester 6\\Pemrograman Framework\\Praktikum8\\prak8\\resources\\views\\auth\\login.blade.php(73): Illuminate\\View\\View->render()
#10 E:\\IT TELKOM\\Semester 6\\Pemrograman Framework\\Praktikum8\\prak8\\vendor\\laravel\\framework\\src\\Illuminate\\Filesystem\\Filesystem.php(109): require('E:\\\\IT TELKOM\\\\Se...')
#11 E:\\IT TELKOM\\Semester 6\\Pemrograman Framework\\Praktikum8\\prak8\\vendor\\laravel\\framework\\src\\Illuminate\\Filesystem\\Filesystem.php(110): Illuminate\\Filesystem\\Filesystem::Illuminate\\Filesystem\\{closure}()
#12 E:\\IT TELKOM\\Semester 6\\Pemrograman Framework\\Praktikum8\\prak8\\vendor\\laravel\\framework\\src\\Illuminate\\View\\Engines\\PhpEngine.php(58): Illuminate\\Filesystem\\Filesystem->getRequire('E:\\\\IT TELKOM\\\\Se...', Array)
#13 E:\\IT TELKOM\\Semester 6\\Pemrograman Framework\\Praktikum8\\prak8\\vendor\\laravel\\framework\\src\\Illuminate\\View\\Engines\\CompilerEngine.php(70): Illuminate\\View\\Engines\\PhpEngine->evaluatePath('E:\\\\IT TELKOM\\\\Se...', Array)
#14 E:\\IT TELKOM\\Semester 6\\Pemrograman Framework\\Praktikum8\\prak8\\vendor\\laravel\\framework\\src\\Illuminate\\View\\View.php(195): Illuminate\\View\\Engines\\CompilerEngine->get('E:\\\\IT TELKOM\\\\Se...', Array)
#15 E:\\IT TELKOM\\Semester 6\\Pemrograman Framework\\Praktikum8\\prak8\\vendor\\laravel\\framework\\src\\Illuminate\\View\\View.php(178): Illuminate\\View\\View->getContents()
#16 E:\\IT TELKOM\\Semester 6\\Pemrograman Framework\\Praktikum8\\prak8\\vendor\\laravel\\framework\\src\\Illuminate\\View\\View.php(147): Illuminate\\View\\View->renderContents()
#17 E:\\IT TELKOM\\Semester 6\\Pemrograman Framework\\Praktikum8\\prak8\\vendor\\laravel\\framework\\src\\Illuminate\\Http\\Response.php(69): Illuminate\\View\\View->render()
#18 E:\\IT TELKOM\\Semester 6\\Pemrograman Framework\\Praktikum8\\prak8\\vendor\\laravel\\framework\\src\\Illuminate\\Http\\Response.php(35): Illuminate\\Http\\Response->setContent(Object(Illuminate\\View\\View))
#19 E:\\IT TELKOM\\Semester 6\\Pemrograman Framework\\Praktikum8\\prak8\\vendor\\laravel\\framework\\src\\Illuminate\\Routing\\Router.php(906): Illuminate\\Http\\Response->__construct(Object(Illuminate\\View\\View), 200, Array)
#20 E:\\IT TELKOM\\Semester 6\\Pemrograman Framework\\Praktikum8\\prak8\\vendor\\laravel\\framework\\src\\Illuminate\\Routing\\Router.php(875): Illuminate\\Routing\\Router::toResponse(Object(Illuminate\\Http\\Request), Object(Illuminate\\View\\View))
#21 E:\\IT TELKOM\\Semester 6\\Pemrograman Framework\\Praktikum8\\prak8\\vendor\\laravel\\framework\\src\\Illuminate\\Routing\\Router.php(798): Illuminate\\Routing\\Router->prepareResponse(Object(Illuminate\\Http\\Request), Object(Illuminate\\View\\View))
#22 E:\\IT TELKOM\\Semester 6\\Pemrograman Framework\\Praktikum8\\prak8\\vendor\\laravel\\framework\\src\\Illuminate\\Pipeline\\Pipeline.php(141): Illuminate\\Routing\\Router->Illuminate\\Routing\\{closure}(Object(Illuminate\\Http\\Request))
#23 E:\\IT TELKOM\\Semester 6\\Pemrograman Framework\\Praktikum8\\prak8\\app\\Http\\Middleware\\RedirectIfAuthenticated.php(30): Illuminate\\Pipeline\\Pipeline->Illuminate\\Pipeline\\{closure}(Object(Illuminate\\Http\\Request))
#24 E:\\IT TELKOM\\Semester 6\\Pemrograman Framework\\Praktikum8\\prak8\\vendor\\laravel\\framework\\src\\Illuminate\\Pipeline\\Pipeline.php(180): App\\Http\\Middleware\\RedirectIfAuthenticated->handle(Object(Illuminate\\Http\\Request), Object(Closure))
#25 E:\\IT TELKOM\\Semester 6\\Pemrograman Framework\\Praktikum8\\prak8\\vendor\\laravel\\framework\\src\\Illuminate\\Routing\\Middleware\\SubstituteBindings.php(50): Illuminate\\Pipeline\\Pipeline->Illuminate\\Pipeline\\{closure}(Object(Illuminate\\Http\\Request))
#26 E:\\IT TELKOM\\Semester 6\\Pemrograman Framework\\Praktikum8\\prak8\\vendor\\laravel\\framework\\src\\Illuminate\\Pipeline\\Pipeline.php(180): Illuminate\\Routing\\Middleware\\SubstituteBindings->handle(Object(Illuminate\\Http\\Request), Object(Closure))
#27 E:\\IT TELKOM\\Semester 6\\Pemrograman Framework\\Praktikum8\\prak8\\vendor\\laravel\\framework\\src\\Illuminate\\Foundation\\Http\\Middleware\\VerifyCsrfToken.php(78): Illuminate\\Pipeline\\Pipeline->Illuminate\\Pipeline\\{closure}(Object(Illuminate\\Http\\Request))
#28 E:\\IT TELKOM\\Semester 6\\Pemrograman Framework\\Praktikum8\\prak8\\vendor\\laravel\\framework\\src\\Illuminate\\Pipeline\\Pipeline.php(180): Illuminate\\Foundation\\Http\\Middleware\\VerifyCsrfToken->handle(Object(Illuminate\\Http\\Request), Object(Closure))
#29 E:\\IT TELKOM\\Semester 6\\Pemrograman Framework\\Praktikum8\\prak8\\vendor\\laravel\\framework\\src\\Illuminate\\View\\Middleware\\ShareErrorsFromSession.php(49): Illuminate\\Pipeline\\Pipeline->Illuminate\\Pipeline\\{closure}(Object(Illuminate\\Http\\Request))
#30 E:\\IT TELKOM\\Semester 6\\Pemrograman Framework\\Praktikum8\\prak8\\vendor\\laravel\\framework\\src\\Illuminate\\Pipeline\\Pipeline.php(180): Illuminate\\View\\Middleware\\ShareErrorsFromSession->handle(Object(Illuminate\\Http\\Request), Object(Closure))
#31 E:\\IT TELKOM\\Semester 6\\Pemrograman Framework\\Praktikum8\\prak8\\vendor\\laravel\\framework\\src\\Illuminate\\Session\\Middleware\\StartSession.php(121): Illuminate\\Pipeline\\Pipeline->Illuminate\\Pipeline\\{closure}(Object(Illuminate\\Http\\Request))
#32 E:\\IT TELKOM\\Semester 6\\Pemrograman Framework\\Praktikum8\\prak8\\vendor\\laravel\\framework\\src\\Illuminate\\Session\\Middleware\\StartSession.php(64): Illuminate\\Session\\Middleware\\StartSession->handleStatefulRequest(Object(Illuminate\\Http\\Request), Object(Illuminate\\Session\\Store), Object(Closure))
#33 E:\\IT TELKOM\\Semester 6\\Pemrograman Framework\\Praktikum8\\prak8\\vendor\\laravel\\framework\\src\\Illuminate\\Pipeline\\Pipeline.php(180): Illuminate\\Session\\Middleware\\StartSession->handle(Object(Illuminate\\Http\\Request), Object(Closure))
#34 E:\\IT TELKOM\\Semester 6\\Pemrograman Framework\\Praktikum8\\prak8\\vendor\\laravel\\framework\\src\\Illuminate\\Cookie\\Middleware\\AddQueuedCookiesToResponse.php(37): Illuminate\\Pipeline\\Pipeline->Illuminate\\Pipeline\\{closure}(Object(Illuminate\\Http\\Request))
#35 E:\\IT TELKOM\\Semester 6\\Pemrograman Framework\\Praktikum8\\prak8\\vendor\\laravel\\framework\\src\\Illuminate\\Pipeline\\Pipeline.php(180): Illuminate\\Cookie\\Middleware\\AddQueuedCookiesToResponse->handle(Object(Illuminate\\Http\\Request), Object(Closure))
#36 E:\\IT TELKOM\\Semester 6\\Pemrograman Framework\\Praktikum8\\prak8\\vendor\\laravel\\framework\\src\\Illuminate\\Cookie\\Middleware\\EncryptCookies.php(67): Illuminate\\Pipeline\\Pipeline->Illuminate\\Pipeline\\{closure}(Object(Illuminate\\Http\\Request))
#37 E:\\IT TELKOM\\Semester 6\\Pemrograman Framework\\Praktikum8\\prak8\\vendor\\laravel\\framework\\src\\Illuminate\\Pipeline\\Pipeline.php(180): Illuminate\\Cookie\\Middleware\\EncryptCookies->handle(Object(Illuminate\\Http\\Request), Object(Closure))
#38 E:\\IT TELKOM\\Semester 6\\Pemrograman Framework\\Praktikum8\\prak8\\vendor\\laravel\\framework\\src\\Illuminate\\Pipeline\\Pipeline.php(116): Illuminate\\Pipeline\\Pipeline->Illuminate\\Pipeline\\{closure}(Object(Illuminate\\Http\\Request))
#39 E:\\IT TELKOM\\Semester 6\\Pemrograman Framework\\Praktikum8\\prak8\\vendor\\laravel\\framework\\src\\Illuminate\\Routing\\Router.php(799): Illuminate\\Pipeline\\Pipeline->then(Object(Closure))
#40 E:\\IT TELKOM\\Semester 6\\Pemrograman Framework\\Praktikum8\\prak8\\vendor\\laravel\\framework\\src\\Illuminate\\Routing\\Router.php(776): Illuminate\\Routing\\Router->runRouteWithinStack(Object(Illuminate\\Routing\\Route), Object(Illuminate\\Http\\Request))
#41 E:\\IT TELKOM\\Semester 6\\Pemrograman Framework\\Praktikum8\\prak8\\vendor\\laravel\\framework\\src\\Illuminate\\Routing\\Router.php(740): Illuminate\\Routing\\Router->runRoute(Object(Illuminate\\Http\\Request), Object(Illuminate\\Routing\\Route))
#42 E:\\IT TELKOM\\Semester 6\\Pemrograman Framework\\Praktikum8\\prak8\\vendor\\laravel\\framework\\src\\Illuminate\\Routing\\Router.php(729): Illuminate\\Routing\\Router->dispatchToRoute(Object(Illuminate\\Http\\Request))
#43 E:\\IT TELKOM\\Semester 6\\Pemrograman Framework\\Praktikum8\\prak8\\vendor\\laravel\\framework\\src\\Illuminate\\Foundation\\Http\\Kernel.php(190): Illuminate\\Routing\\Router->dispatch(Object(Illuminate\\Http\\Request))
#44 E:\\IT TELKOM\\Semester 6\\Pemrograman Framework\\Praktikum8\\prak8\\vendor\\laravel\\framework\\src\\Illuminate\\Pipeline\\Pipeline.php(141): Illuminate\\Foundation\\Http\\Kernel->Illuminate\\Foundation\\Http\\{closure}(Object(Illuminate\\Http\\Request))
#45 E:\\IT TELKOM\\Semester 6\\Pemrograman Framework\\Praktikum8\\prak8\\vendor\\laravel\\framework\\src\\Illuminate\\Foundation\\Http\\Middleware\\TransformsRequest.php(21): Illuminate\\Pipeline\\Pipeline->Illuminate\\Pipeline\\{closure}(Object(Illuminate\\Http\\Request))
#46 E:\\IT TELKOM\\Semester 6\\Pemrograman Framework\\Praktikum8\\prak8\\vendor\\laravel\\framework\\src\\Illuminate\\Foundation\\Http\\Middleware\\ConvertEmptyStringsToNull.php(31): Illuminate\\Foundation\\Http\\Middleware\\TransformsRequest->handle(Object(Illuminate\\Http\\Request), Object(Closure))
#47 E:\\IT TELKOM\\Semester 6\\Pemrograman Framework\\Praktikum8\\prak8\\vendor\\laravel\\framework\\src\\Illuminate\\Pipeline\\Pipeline.php(180): Illuminate\\Foundation\\Http\\Middleware\\ConvertEmptyStringsToNull->handle(Object(Illuminate\\Http\\Request), Object(Closure))
#48 E:\\IT TELKOM\\Semester 6\\Pemrograman Framework\\Praktikum8\\prak8\\vendor\\laravel\\framework\\src\\Illuminate\\Foundation\\Http\\Middleware\\TransformsRequest.php(21): Illuminate\\Pipeline\\Pipeline->Illuminate\\Pipeline\\{closure}(Object(Illuminate\\Http\\Request))
#49 E:\\IT TELKOM\\Semester 6\\Pemrograman Framework\\Praktikum8\\prak8\\vendor\\laravel\\framework\\src\\Illuminate\\Foundation\\Http\\Middleware\\TrimStrings.php(40): Illuminate\\Foundation\\Http\\Middleware\\TransformsRequest->handle(Object(Illuminate\\Http\\Request), Object(Closure))
#50 E:\\IT TELKOM\\Semester 6\\Pemrograman Framework\\Praktikum8\\prak8\\vendor\\laravel\\framework\\src\\Illuminate\\Pipeline\\Pipeline.php(180): Illuminate\\Foundation\\Http\\Middleware\\TrimStrings->handle(Object(Illuminate\\Http\\Request), Object(Closure))
#51 E:\\IT TELKOM\\Semester 6\\Pemrograman Framework\\Praktikum8\\prak8\\vendor\\laravel\\framework\\src\\Illuminate\\Foundation\\Http\\Middleware\\ValidatePostSize.php(27): Illuminate\\Pipeline\\Pipeline->Illuminate\\Pipeline\\{closure}(Object(Illuminate\\Http\\Request))
#52 E:\\IT TELKOM\\Semester 6\\Pemrograman Framework\\Praktikum8\\prak8\\vendor\\laravel\\framework\\src\\Illuminate\\Pipeline\\Pipeline.php(180): Illuminate\\Foundation\\Http\\Middleware\\ValidatePostSize->handle(Object(Illuminate\\Http\\Request), Object(Closure))
#53 E:\\IT TELKOM\\Semester 6\\Pemrograman Framework\\Praktikum8\\prak8\\vendor\\laravel\\framework\\src\\Illuminate\\Foundation\\Http\\Middleware\\PreventRequestsDuringMaintenance.php(86): Illuminate\\Pipeline\\Pipeline->Illuminate\\Pipeline\\{closure}(Object(Illuminate\\Http\\Request))
#54 E:\\IT TELKOM\\Semester 6\\Pemrograman Framework\\Praktikum8\\prak8\\vendor\\laravel\\framework\\src\\Illuminate\\Pipeline\\Pipeline.php(180): Illuminate\\Foundation\\Http\\Middleware\\PreventRequestsDuringMaintenance->handle(Object(Illuminate\\Http\\Request), Object(Closure))
#55 E:\\IT TELKOM\\Semester 6\\Pemrograman Framework\\Praktikum8\\prak8\\vendor\\laravel\\framework\\src\\Illuminate\\Http\\Middleware\\HandleCors.php(49): Illuminate\\Pipeline\\Pipeline->Illuminate\\Pipeline\\{closure}(Object(Illuminate\\Http\\Request))
#56 E:\\IT TELKOM\\Semester 6\\Pemrograman Framework\\Praktikum8\\prak8\\vendor\\laravel\\framework\\src\\Illuminate\\Pipeline\\Pipeline.php(180): Illuminate\\Http\\Middleware\\HandleCors->handle(Object(Illuminate\\Http\\Request), Object(Closure))
#57 E:\\IT TELKOM\\Semester 6\\Pemrograman Framework\\Praktikum8\\prak8\\vendor\\laravel\\framework\\src\\Illuminate\\Http\\Middleware\\TrustProxies.php(39): Illuminate\\Pipeline\\Pipeline->Illuminate\\Pipeline\\{closure}(Object(Illuminate\\Http\\Request))
#58 E:\\IT TELKOM\\Semester 6\\Pemrograman Framework\\Praktikum8\\prak8\\vendor\\laravel\\framework\\src\\Illuminate\\Pipeline\\Pipeline.php(180): Illuminate\\Http\\Middleware\\TrustProxies->handle(Object(Illuminate\\Http\\Request), Object(Closure))
#59 E:\\IT TELKOM\\Semester 6\\Pemrograman Framework\\Praktikum8\\prak8\\vendor\\laravel\\framework\\src\\Illuminate\\Pipeline\\Pipeline.php(116): Illuminate\\Pipeline\\Pipeline->Illuminate\\Pipeline\\{closure}(Object(Illuminate\\Http\\Request))
#60 E:\\IT TELKOM\\Semester 6\\Pemrograman Framework\\Praktikum8\\prak8\\vendor\\laravel\\framework\\src\\Illuminate\\Foundation\\Http\\Kernel.php(165): Illuminate\\Pipeline\\Pipeline->then(Object(Closure))
#61 E:\\IT TELKOM\\Semester 6\\Pemrograman Framework\\Praktikum8\\prak8\\vendor\\laravel\\framework\\src\\Illuminate\\Foundation\\Http\\Kernel.php(134): Illuminate\\Foundation\\Http\\Kernel->sendRequestThroughRouter(Object(Illuminate\\Http\\Request))
#62 E:\\IT TELKOM\\Semester 6\\Pemrograman Framework\\Praktikum8\\prak8\\public\\index.php(52): Illuminate\\Foundation\\Http\\Kernel->handle(Object(Illuminate\\Http\\Request))
#63 E:\\IT TELKOM\\Semester 6\\Pemrograman Framework\\Praktikum8\\prak8\\vendor\\laravel\\framework\\src\\Illuminate\\Foundation\\resources\\server.php(16): require_once('E:\\\\IT TELKOM\\\\Se...')
#64 {main}

[previous exception] [object] (Exception(code: 0): Vite manifest not found at: E:\\IT TELKOM\\Semester 6\\Pemrograman Framework\\Praktikum8\\prak8\\public\\build/manifest.json at E:\\IT TELKOM\\Semester 6\\Pemrograman Framework\\Praktikum8\\prak8\\vendor\\laravel\\framework\\src\\Illuminate\\Foundation\\Vite.php:684)
[stacktrace]
#0 E:\\IT TELKOM\\Semester 6\\Pemrograman Framework\\Praktikum8\\prak8\\vendor\\laravel\\framework\\src\\Illuminate\\Foundation\\Vite.php(273): Illuminate\\Foundation\\Vite->manifest('build')
#1 E:\\IT TELKOM\\Semester 6\\Pemrograman Framework\\Praktikum8\\prak8\\storage\\framework\\views\\429535e84b70610f86d6be7bf3566218f6705e02.php(17): Illuminate\\Foundation\\Vite->__invoke(Object(Illuminate\\Support\\Collection))
#2 E:\\IT TELKOM\\Semester 6\\Pemrograman Framework\\Praktikum8\\prak8\\vendor\\laravel\\framework\\src\\Illuminate\\Filesystem\\Filesystem.php(109): require('E:\\\\IT TELKOM\\\\Se...')
#3 E:\\IT TELKOM\\Semester 6\\Pemrograman Framework\\Praktikum8\\prak8\\vendor\\laravel\\framework\\src\\Illuminate\\Filesystem\\Filesystem.php(110): Illuminate\\Filesystem\\Filesystem::Illuminate\\Filesystem\\{closure}()
#4 E:\\IT TELKOM\\Semester 6\\Pemrograman Framework\\Praktikum8\\prak8\\vendor\\laravel\\framework\\src\\Illuminate\\View\\Engines\\PhpEngine.php(58): Illuminate\\Filesystem\\Filesystem->getRequire('E:\\\\IT TELKOM\\\\Se...', Array)
#5 E:\\IT TELKOM\\Semester 6\\Pemrograman Framework\\Praktikum8\\prak8\\vendor\\laravel\\framework\\src\\Illuminate\\View\\Engines\\CompilerEngine.php(70): Illuminate\\View\\Engines\\PhpEngine->evaluatePath('E:\\\\IT TELKOM\\\\Se...', Array)
#6 E:\\IT TELKOM\\Semester 6\\Pemrograman Framework\\Praktikum8\\prak8\\vendor\\laravel\\framework\\src\\Illuminate\\View\\View.php(195): Illuminate\\View\\Engines\\CompilerEngine->get('E:\\\\IT TELKOM\\\\Se...', Array)
#7 E:\\IT TELKOM\\Semester 6\\Pemrograman Framework\\Praktikum8\\prak8\\vendor\\laravel\\framework\\src\\Illuminate\\View\\View.php(178): Illuminate\\View\\View->getContents()
#8 E:\\IT TELKOM\\Semester 6\\Pemrograman Framework\\Praktikum8\\prak8\\vendor\\laravel\\framework\\src\\Illuminate\\View\\View.php(147): Illuminate\\View\\View->renderContents()
#9 E:\\IT TELKOM\\Semester 6\\Pemrograman Framework\\Praktikum8\\prak8\\storage\\framework\\views\\ca70d029081809d84da175246e927031746bd6a1.php(104): Illuminate\\View\\View->render()
#10 E:\\IT TELKOM\\Semester 6\\Pemrograman Framework\\Praktikum8\\prak8\\vendor\\laravel\\framework\\src\\Illuminate\\Filesystem\\Filesystem.php(109): require('E:\\\\IT TELKOM\\\\Se...')
#11 E:\\IT TELKOM\\Semester 6\\Pemrograman Framework\\Praktikum8\\prak8\\vendor\\laravel\\framework\\src\\Illuminate\\Filesystem\\Filesystem.php(110): Illuminate\\Filesystem\\Filesystem::Illuminate\\Filesystem\\{closure}()
#12 E:\\IT TELKOM\\Semester 6\\Pemrograman Framework\\Praktikum8\\prak8\\vendor\\laravel\\framework\\src\\Illuminate\\View\\Engines\\PhpEngine.php(58): Illuminate\\Filesystem\\Filesystem->getRequire('E:\\\\IT TELKOM\\\\Se...', Array)
#13 E:\\IT TELKOM\\Semester 6\\Pemrograman Framework\\Praktikum8\\prak8\\vendor\\laravel\\framework\\src\\Illuminate\\View\\Engines\\CompilerEngine.php(70): Illuminate\\View\\Engines\\PhpEngine->evaluatePath('E:\\\\IT TELKOM\\\\Se...', Array)
#14 E:\\IT TELKOM\\Semester 6\\Pemrograman Framework\\Praktikum8\\prak8\\vendor\\laravel\\framework\\src\\Illuminate\\View\\View.php(195): Illuminate\\View\\Engines\\CompilerEngine->get('E:\\\\IT TELKOM\\\\Se...', Array)
#15 E:\\IT TELKOM\\Semester 6\\Pemrograman Framework\\Praktikum8\\prak8\\vendor\\laravel\\framework\\src\\Illuminate\\View\\View.php(178): Illuminate\\View\\View->getContents()
#16 E:\\IT TELKOM\\Semester 6\\Pemrograman Framework\\Praktikum8\\prak8\\vendor\\laravel\\framework\\src\\Illuminate\\View\\View.php(147): Illuminate\\View\\View->renderContents()
#17 E:\\IT TELKOM\\Semester 6\\Pemrograman Framework\\Praktikum8\\prak8\\vendor\\laravel\\framework\\src\\Illuminate\\Http\\Response.php(69): Illuminate\\View\\View->render()
#18 E:\\IT TELKOM\\Semester 6\\Pemrograman Framework\\Praktikum8\\prak8\\vendor\\laravel\\framework\\src\\Illuminate\\Http\\Response.php(35): Illuminate\\Http\\Response->setContent(Object(Illuminate\\View\\View))
#19 E:\\IT TELKOM\\Semester 6\\Pemrograman Framework\\Praktikum8\\prak8\\vendor\\laravel\\framework\\src\\Illuminate\\Routing\\Router.php(906): Illuminate\\Http\\Response->__construct(Object(Illuminate\\View\\View), 200, Array)
#20 E:\\IT TELKOM\\Semester 6\\Pemrograman Framework\\Praktikum8\\prak8\\vendor\\laravel\\framework\\src\\Illuminate\\Routing\\Router.php(875): Illuminate\\Routing\\Router::toResponse(Object(Illuminate\\Http\\Request), Object(Illuminate\\View\\View))
#21 E:\\IT TELKOM\\Semester 6\\Pemrograman Framework\\Praktikum8\\prak8\\vendor\\laravel\\framework\\src\\Illuminate\\Routing\\Router.php(798): Illuminate\\Routing\\Router->prepareResponse(Object(Illuminate\\Http\\Request), Object(Illuminate\\View\\View))
#22 E:\\IT TELKOM\\Semester 6\\Pemrograman Framework\\Praktikum8\\prak8\\vendor\\laravel\\framework\\src\\Illuminate\\Pipeline\\Pipeline.php(141): Illuminate\\Routing\\Router->Illuminate\\Routing\\{closure}(Object(Illuminate\\Http\\Request))
#23 E:\\IT TELKOM\\Semester 6\\Pemrograman Framework\\Praktikum8\\prak8\\app\\Http\\Middleware\\RedirectIfAuthenticated.php(30): Illuminate\\Pipeline\\Pipeline->Illuminate\\Pipeline\\{closure}(Object(Illuminate\\Http\\Request))
#24 E:\\IT TELKOM\\Semester 6\\Pemrograman Framework\\Praktikum8\\prak8\\vendor\\laravel\\framework\\src\\Illuminate\\Pipeline\\Pipeline.php(180): App\\Http\\Middleware\\RedirectIfAuthenticated->handle(Object(Illuminate\\Http\\Request), Object(Closure))
#25 E:\\IT TELKOM\\Semester 6\\Pemrograman Framework\\Praktikum8\\prak8\\vendor\\laravel\\framework\\src\\Illuminate\\Routing\\Middleware\\SubstituteBindings.php(50): Illuminate\\Pipeline\\Pipeline->Illuminate\\Pipeline\\{closure}(Object(Illuminate\\Http\\Request))
#26 E:\\IT TELKOM\\Semester 6\\Pemrograman Framework\\Praktikum8\\prak8\\vendor\\laravel\\framework\\src\\Illuminate\\Pipeline\\Pipeline.php(180): Illuminate\\Routing\\Middleware\\SubstituteBindings->handle(Object(Illuminate\\Http\\Request), Object(Closure))
#27 E:\\IT TELKOM\\Semester 6\\Pemrograman Framework\\Praktikum8\\prak8\\vendor\\laravel\\framework\\src\\Illuminate\\Foundation\\Http\\Middleware\\VerifyCsrfToken.php(78): Illuminate\\Pipeline\\Pipeline->Illuminate\\Pipeline\\{closure}(Object(Illuminate\\Http\\Request))
#28 E:\\IT TELKOM\\Semester 6\\Pemrograman Framework\\Praktikum8\\prak8\\vendor\\laravel\\framework\\src\\Illuminate\\Pipeline\\Pipeline.php(180): Illuminate\\Foundation\\Http\\Middleware\\VerifyCsrfToken->handle(Object(Illuminate\\Http\\Request), Object(Closure))
#29 E:\\IT TELKOM\\Semester 6\\Pemrograman Framework\\Praktikum8\\prak8\\vendor\\laravel\\framework\\src\\Illuminate\\View\\Middleware\\ShareErrorsFromSession.php(49): Illuminate\\Pipeline\\Pipeline->Illuminate\\Pipeline\\{closure}(Object(Illuminate\\Http\\Request))
#30 E:\\IT TELKOM\\Semester 6\\Pemrograman Framework\\Praktikum8\\prak8\\vendor\\laravel\\framework\\src\\Illuminate\\Pipeline\\Pipeline.php(180): Illuminate\\View\\Middleware\\ShareErrorsFromSession->handle(Object(Illuminate\\Http\\Request), Object(Closure))
#31 E:\\IT TELKOM\\Semester 6\\Pemrograman Framework\\Praktikum8\\prak8\\vendor\\laravel\\framework\\src\\Illuminate\\Session\\Middleware\\StartSession.php(121): Illuminate\\Pipeline\\Pipeline->Illuminate\\Pipeline\\{closure}(Object(Illuminate\\Http\\Request))
#32 E:\\IT TELKOM\\Semester 6\\Pemrograman Framework\\Praktikum8\\prak8\\vendor\\laravel\\framework\\src\\Illuminate\\Session\\Middleware\\StartSession.php(64): Illuminate\\Session\\Middleware\\StartSession->handleStatefulRequest(Object(Illuminate\\Http\\Request), Object(Illuminate\\Session\\Store), Object(Closure))
#33 E:\\IT TELKOM\\Semester 6\\Pemrograman Framework\\Praktikum8\\prak8\\vendor\\laravel\\framework\\src\\Illuminate\\Pipeline\\Pipeline.php(180): Illuminate\\Session\\Middleware\\StartSession->handle(Object(Illuminate\\Http\\Request), Object(Closure))
#34 E:\\IT TELKOM\\Semester 6\\Pemrograman Framework\\Praktikum8\\prak8\\vendor\\laravel\\framework\\src\\Illuminate\\Cookie\\Middleware\\AddQueuedCookiesToResponse.php(37): Illuminate\\Pipeline\\Pipeline->Illuminate\\Pipeline\\{closure}(Object(Illuminate\\Http\\Request))
#35 E:\\IT TELKOM\\Semester 6\\Pemrograman Framework\\Praktikum8\\prak8\\vendor\\laravel\\framework\\src\\Illuminate\\Pipeline\\Pipeline.php(180): Illuminate\\Cookie\\Middleware\\AddQueuedCookiesToResponse->handle(Object(Illuminate\\Http\\Request), Object(Closure))
#36 E:\\IT TELKOM\\Semester 6\\Pemrograman Framework\\Praktikum8\\prak8\\vendor\\laravel\\framework\\src\\Illuminate\\Cookie\\Middleware\\EncryptCookies.php(67): Illuminate\\Pipeline\\Pipeline->Illuminate\\Pipeline\\{closure}(Object(Illuminate\\Http\\Request))
#37 E:\\IT TELKOM\\Semester 6\\Pemrograman Framework\\Praktikum8\\prak8\\vendor\\laravel\\framework\\src\\Illuminate\\Pipeline\\Pipeline.php(180): Illuminate\\Cookie\\Middleware\\EncryptCookies->handle(Object(Illuminate\\Http\\Request), Object(Closure))
#38 E:\\IT TELKOM\\Semester 6\\Pemrograman Framework\\Praktikum8\\prak8\\vendor\\laravel\\framework\\src\\Illuminate\\Pipeline\\Pipeline.php(116): Illuminate\\Pipeline\\Pipeline->Illuminate\\Pipeline\\{closure}(Object(Illuminate\\Http\\Request))
#39 E:\\IT TELKOM\\Semester 6\\Pemrograman Framework\\Praktikum8\\prak8\\vendor\\laravel\\framework\\src\\Illuminate\\Routing\\Router.php(799): Illuminate\\Pipeline\\Pipeline->then(Object(Closure))
#40 E:\\IT TELKOM\\Semester 6\\Pemrograman Framework\\Praktikum8\\prak8\\vendor\\laravel\\framework\\src\\Illuminate\\Routing\\Router.php(776): Illuminate\\Routing\\Router->runRouteWithinStack(Object(Illuminate\\Routing\\Route), Object(Illuminate\\Http\\Request))
#41 E:\\IT TELKOM\\Semester 6\\Pemrograman Framework\\Praktikum8\\prak8\\vendor\\laravel\\framework\\src\\Illuminate\\Routing\\Router.php(740): Illuminate\\Routing\\Router->runRoute(Object(Illuminate\\Http\\Request), Object(Illuminate\\Routing\\Route))
#42 E:\\IT TELKOM\\Semester 6\\Pemrograman Framework\\Praktikum8\\prak8\\vendor\\laravel\\framework\\src\\Illuminate\\Routing\\Router.php(729): Illuminate\\Routing\\Router->dispatchToRoute(Object(Illuminate\\Http\\Request))
#43 E:\\IT TELKOM\\Semester 6\\Pemrograman Framework\\Praktikum8\\prak8\\vendor\\laravel\\framework\\src\\Illuminate\\Foundation\\Http\\Kernel.php(190): Illuminate\\Routing\\Router->dispatch(Object(Illuminate\\Http\\Request))
#44 E:\\IT TELKOM\\Semester 6\\Pemrograman Framework\\Praktikum8\\prak8\\vendor\\laravel\\framework\\src\\Illuminate\\Pipeline\\Pipeline.php(141): Illuminate\\Foundation\\Http\\Kernel->Illuminate\\Foundation\\Http\\{closure}(Object(Illuminate\\Http\\Request))
#45 E:\\IT TELKOM\\Semester 6\\Pemrograman Framework\\Praktikum8\\prak8\\vendor\\laravel\\framework\\src\\Illuminate\\Foundation\\Http\\Middleware\\TransformsRequest.php(21): Illuminate\\Pipeline\\Pipeline->Illuminate\\Pipeline\\{closure}(Object(Illuminate\\Http\\Request))
#46 E:\\IT TELKOM\\Semester 6\\Pemrograman Framework\\Praktikum8\\prak8\\vendor\\laravel\\framework\\src\\Illuminate\\Foundation\\Http\\Middleware\\ConvertEmptyStringsToNull.php(31): Illuminate\\Foundation\\Http\\Middleware\\TransformsRequest->handle(Object(Illuminate\\Http\\Request), Object(Closure))
#47 E:\\IT TELKOM\\Semester 6\\Pemrograman Framework\\Praktikum8\\prak8\\vendor\\laravel\\framework\\src\\Illuminate\\Pipeline\\Pipeline.php(180): Illuminate\\Foundation\\Http\\Middleware\\ConvertEmptyStringsToNull->handle(Object(Illuminate\\Http\\Request), Object(Closure))
#48 E:\\IT TELKOM\\Semester 6\\Pemrograman Framework\\Praktikum8\\prak8\\vendor\\laravel\\framework\\src\\Illuminate\\Foundation\\Http\\Middleware\\TransformsRequest.php(21): Illuminate\\Pipeline\\Pipeline->Illuminate\\Pipeline\\{closure}(Object(Illuminate\\Http\\Request))
#49 E:\\IT TELKOM\\Semester 6\\Pemrograman Framework\\Praktikum8\\prak8\\vendor\\laravel\\framework\\src\\Illuminate\\Foundation\\Http\\Middleware\\TrimStrings.php(40): Illuminate\\Foundation\\Http\\Middleware\\TransformsRequest->handle(Object(Illuminate\\Http\\Request), Object(Closure))
#50 E:\\IT TELKOM\\Semester 6\\Pemrograman Framework\\Praktikum8\\prak8\\vendor\\laravel\\framework\\src\\Illuminate\\Pipeline\\Pipeline.php(180): Illuminate\\Foundation\\Http\\Middleware\\TrimStrings->handle(Object(Illuminate\\Http\\Request), Object(Closure))
#51 E:\\IT TELKOM\\Semester 6\\Pemrograman Framework\\Praktikum8\\prak8\\vendor\\laravel\\framework\\src\\Illuminate\\Foundation\\Http\\Middleware\\ValidatePostSize.php(27): Illuminate\\Pipeline\\Pipeline->Illuminate\\Pipeline\\{closure}(Object(Illuminate\\Http\\Request))
#52 E:\\IT TELKOM\\Semester 6\\Pemrograman Framework\\Praktikum8\\prak8\\vendor\\laravel\\framework\\src\\Illuminate\\Pipeline\\Pipeline.php(180): Illuminate\\Foundation\\Http\\Middleware\\ValidatePostSize->handle(Object(Illuminate\\Http\\Request), Object(Closure))
#53 E:\\IT TELKOM\\Semester 6\\Pemrograman Framework\\Praktikum8\\prak8\\vendor\\laravel\\framework\\src\\Illuminate\\Foundation\\Http\\Middleware\\PreventRequestsDuringMaintenance.php(86): Illuminate\\Pipeline\\Pipeline->Illuminate\\Pipeline\\{closure}(Object(Illuminate\\Http\\Request))
#54 E:\\IT TELKOM\\Semester 6\\Pemrograman Framework\\Praktikum8\\prak8\\vendor\\laravel\\framework\\src\\Illuminate\\Pipeline\\Pipeline.php(180): Illuminate\\Foundation\\Http\\Middleware\\PreventRequestsDuringMaintenance->handle(Object(Illuminate\\Http\\Request), Object(Closure))
#55 E:\\IT TELKOM\\Semester 6\\Pemrograman Framework\\Praktikum8\\prak8\\vendor\\laravel\\framework\\src\\Illuminate\\Http\\Middleware\\HandleCors.php(49): Illuminate\\Pipeline\\Pipeline->Illuminate\\Pipeline\\{closure}(Object(Illuminate\\Http\\Request))
#56 E:\\IT TELKOM\\Semester 6\\Pemrograman Framework\\Praktikum8\\prak8\\vendor\\laravel\\framework\\src\\Illuminate\\Pipeline\\Pipeline.php(180): Illuminate\\Http\\Middleware\\HandleCors->handle(Object(Illuminate\\Http\\Request), Object(Closure))
#57 E:\\IT TELKOM\\Semester 6\\Pemrograman Framework\\Praktikum8\\prak8\\vendor\\laravel\\framework\\src\\Illuminate\\Http\\Middleware\\TrustProxies.php(39): Illuminate\\Pipeline\\Pipeline->Illuminate\\Pipeline\\{closure}(Object(Illuminate\\Http\\Request))
#58 E:\\IT TELKOM\\Semester 6\\Pemrograman Framework\\Praktikum8\\prak8\\vendor\\laravel\\framework\\src\\Illuminate\\Pipeline\\Pipeline.php(180): Illuminate\\Http\\Middleware\\TrustProxies->handle(Object(Illuminate\\Http\\Request), Object(Closure))
#59 E:\\IT TELKOM\\Semester 6\\Pemrograman Framework\\Praktikum8\\prak8\\vendor\\laravel\\framework\\src\\Illuminate\\Pipeline\\Pipeline.php(116): Illuminate\\Pipeline\\Pipeline->Illuminate\\Pipeline\\{closure}(Object(Illuminate\\Http\\Request))
#60 E:\\IT TELKOM\\Semester 6\\Pemrograman Framework\\Praktikum8\\prak8\\vendor\\laravel\\framework\\src\\Illuminate\\Foundation\\Http\\Kernel.php(165): Illuminate\\Pipeline\\Pipeline->then(Object(Closure))
#61 E:\\IT TELKOM\\Semester 6\\Pemrograman Framework\\Praktikum8\\prak8\\vendor\\laravel\\framework\\src\\Illuminate\\Foundation\\Http\\Kernel.php(134): Illuminate\\Foundation\\Http\\Kernel->sendRequestThroughRouter(Object(Illuminate\\Http\\Request))
#62 E:\\IT TELKOM\\Semester 6\\Pemrograman Framework\\Praktikum8\\prak8\\public\\index.php(52): Illuminate\\Foundation\\Http\\Kernel->handle(Object(Illuminate\\Http\\Request))
#63 E:\\IT TELKOM\\Semester 6\\Pemrograman Framework\\Praktikum8\\prak8\\vendor\\laravel\\framework\\src\\Illuminate\\Foundation\\resources\\server.php(16): require_once('E:\\\\IT TELKOM\\\\Se...')
#64 {main}
"} 
